2020-03-06 14:49:40,453 [main] INFO  [c.u.j.c.EnableEncryptablePropertiesBeanFactoryPostProcessor] EnableEncryptablePropertiesBeanFactoryPostProcessor.java:50 - Post-processing PropertySource instances
2020-03-06 14:49:40,544 [main] INFO  [c.u.j.EncryptablePropertySourceConverter] EncryptablePropertySourceConverter.java:38 - Converting PropertySource configurationProperties [org.springframework.boot.context.properties.source.ConfigurationPropertySourcesPropertySource] to AOP Proxy
2020-03-06 14:49:40,546 [main] INFO  [c.u.j.EncryptablePropertySourceConverter] EncryptablePropertySourceConverter.java:38 - Converting PropertySource gateway-properties [org.springframework.core.env.MapPropertySource] to EncryptableMapPropertySourceWrapper
2020-03-06 14:49:40,547 [main] INFO  [c.u.j.EncryptablePropertySourceConverter] EncryptablePropertySourceConverter.java:38 - Converting PropertySource bootstrap [org.springframework.core.env.MapPropertySource] to EncryptableMapPropertySourceWrapper
2020-03-06 14:49:40,548 [main] INFO  [c.u.j.EncryptablePropertySourceConverter] EncryptablePropertySourceConverter.java:38 - Converting PropertySource systemProperties [org.springframework.core.env.MapPropertySource] to EncryptableMapPropertySourceWrapper
2020-03-06 14:49:40,548 [main] INFO  [c.u.j.EncryptablePropertySourceConverter] EncryptablePropertySourceConverter.java:38 - Converting PropertySource systemEnvironment [org.springframework.boot.env.SystemEnvironmentPropertySourceEnvironmentPostProcessor$OriginAwareSystemEnvironmentPropertySource] to EncryptableMapPropertySourceWrapper
2020-03-06 14:49:40,549 [main] INFO  [c.u.j.EncryptablePropertySourceConverter] EncryptablePropertySourceConverter.java:38 - Converting PropertySource random [org.springframework.boot.env.RandomValuePropertySource] to EncryptablePropertySourceWrapper
2020-03-06 14:49:40,549 [main] INFO  [c.u.j.EncryptablePropertySourceConverter] EncryptablePropertySourceConverter.java:38 - Converting PropertySource springCloudClientHostInfo [org.springframework.core.env.MapPropertySource] to EncryptableMapPropertySourceWrapper
2020-03-06 14:49:40,549 [main] INFO  [c.u.j.EncryptablePropertySourceConverter] EncryptablePropertySourceConverter.java:38 - Converting PropertySource applicationConfig: [classpath:/bootstrap.yml] [org.springframework.boot.env.OriginTrackedMapPropertySource] to EncryptableMapPropertySourceWrapper
2020-03-06 14:49:40,549 [main] INFO  [c.u.j.EncryptablePropertySourceConverter] EncryptablePropertySourceConverter.java:38 - Converting PropertySource defaultProperties [org.springframework.core.env.MapPropertySource] to EncryptableMapPropertySourceWrapper
2020-03-06 14:49:40,574 [main] INFO  [o.s.c.s.PostProcessorRegistrationDelegate$BeanPostProcessorChecker] PostProcessorRegistrationDelegate.java:330 - Bean 'org.springframework.cloud.autoconfigure.ConfigurationPropertiesRebinderAutoConfiguration' of type [org.springframework.cloud.autoconfigure.ConfigurationPropertiesRebinderAutoConfiguration$$EnhancerBySpringCGLIB$$e61cbe8e] is not eligible for getting processed by all BeanPostProcessors (for example: not eligible for auto-proxying)
2020-03-06 14:49:40,595 [main] INFO  [c.u.j.filter.DefaultLazyPropertyFilter] DefaultLazyPropertyFilter.java:31 - Property Filter custom Bean not found with name 'encryptablePropertyFilter'. Initializing Default Property Filter
2020-03-06 14:49:40,598 [main] INFO  [c.u.j.resolver.DefaultLazyPropertyResolver] DefaultLazyPropertyResolver.java:31 - Property Resolver custom Bean not found with name 'encryptablePropertyResolver'. Initializing Default Property Resolver
2020-03-06 14:49:40,600 [main] INFO  [c.u.j.detector.DefaultLazyPropertyDetector] DefaultLazyPropertyDetector.java:30 - Property Detector custom Bean not found with name 'encryptablePropertyDetector'. Initializing Default Property Detector
2020-03-06 14:49:41,724 [main] INFO  [o.s.cloud.netflix.eureka.InstanceInfoFactory] InstanceInfoFactory.java:71 - Setting initial instance status as: STARTING
2020-03-06 14:49:41,808 [main] INFO  [com.netflix.discovery.DiscoveryClient] DiscoveryClient.java:349 - Initializing Eureka in region us-east-1
2020-03-06 14:49:42,646 [main] INFO  [c.n.discovery.provider.DiscoveryJerseyProvider] DiscoveryJerseyProvider.java:70 - Using JSON encoding codec LegacyJacksonJson
2020-03-06 14:49:42,647 [main] INFO  [c.n.discovery.provider.DiscoveryJerseyProvider] DiscoveryJerseyProvider.java:71 - Using JSON decoding codec LegacyJacksonJson
2020-03-06 14:49:42,794 [main] INFO  [c.n.discovery.provider.DiscoveryJerseyProvider] DiscoveryJerseyProvider.java:80 - Using XML encoding codec XStreamXml
2020-03-06 14:49:42,795 [main] INFO  [c.n.discovery.provider.DiscoveryJerseyProvider] DiscoveryJerseyProvider.java:81 - Using XML decoding codec XStreamXml
2020-03-06 14:49:43,083 [main] INFO  [c.n.d.shared.resolver.aws.ConfigClusterResolver] ConfigClusterResolver.java:43 - Resolving eureka endpoints via configuration
2020-03-06 14:49:43,754 [main] INFO  [com.netflix.discovery.DiscoveryClient] DiscoveryClient.java:958 - Disable delta property : false
2020-03-06 14:49:43,755 [main] INFO  [com.netflix.discovery.DiscoveryClient] DiscoveryClient.java:959 - Single vip registry refresh property : null
2020-03-06 14:49:43,755 [main] INFO  [com.netflix.discovery.DiscoveryClient] DiscoveryClient.java:960 - Force full registry fetch : false
2020-03-06 14:49:43,756 [main] INFO  [com.netflix.discovery.DiscoveryClient] DiscoveryClient.java:961 - Application is null : false
2020-03-06 14:49:43,757 [main] INFO  [com.netflix.discovery.DiscoveryClient] DiscoveryClient.java:962 - Registered Applications size is zero : true
2020-03-06 14:49:43,757 [main] INFO  [com.netflix.discovery.DiscoveryClient] DiscoveryClient.java:964 - Application version is -1: true
2020-03-06 14:49:43,758 [main] INFO  [com.netflix.discovery.DiscoveryClient] DiscoveryClient.java:1047 - Getting all instance registry info from the eureka server
2020-03-06 14:49:44,231 [main] INFO  [com.netflix.discovery.DiscoveryClient] DiscoveryClient.java:1056 - The response status is 200
2020-03-06 14:49:44,238 [main] INFO  [com.netflix.discovery.DiscoveryClient] DiscoveryClient.java:1317 - Not registering with Eureka server per configuration
2020-03-06 14:49:44,247 [main] INFO  [com.netflix.discovery.DiscoveryClient] DiscoveryClient.java:449 - Discovery Client initialized at timestamp 1583477384246 with initial instances count: 3
2020-03-06 14:49:44,311 [main] INFO  [o.s.c.n.e.serviceregistry.EurekaServiceRegistry] EurekaServiceRegistry.java:42 - Registering application CLINBRAIN-GATEWAY-STG with eureka with status UP
2020-03-06 14:49:45,708 [main] INFO  [o.s.c.c.client.ConfigServicePropertySourceLocator] ConfigServicePropertySourceLocator.java:205 - Fetching config from server at : http://172.20.115.214:8888/
2020-03-06 14:49:46,901 [main] INFO  [o.s.c.c.client.ConfigServicePropertySourceLocator] ConfigServicePropertySourceLocator.java:149 - Located environment: name=clinbrain-gateway-stg, profiles=[stg], label=null, version=null, state=null
2020-03-06 14:49:46,902 [main] INFO  [o.s.c.b.c.PropertySourceBootstrapConfiguration] PropertySourceBootstrapConfiguration.java:98 - Located property source: CompositePropertySource {name='configService', propertySources=[MapPropertySource {name='file:e:/config/application-stg.yml'}]}
2020-03-06 14:49:46,963 [main] INFO  [c.u.j.c.EnableEncryptablePropertiesConfiguration] EnableEncryptablePropertiesConfiguration.java:69 - Bootstraping jasypt-string-boot auto configuration in context: clinbrain-gateway-stg-1
2020-03-06 14:49:46,964 [main] INFO  [com.clinbrain.bd.mdm.gateway.PigGatewayApplication] SpringApplication.java:679 - The following profiles are active: stg
2020-03-06 14:49:48,884 [main] INFO  [o.s.d.r.config.RepositoryConfigurationDelegate] RepositoryConfigurationDelegate.java:244 - Multiple Spring Data modules found, entering strict repository configuration mode!
2020-03-06 14:49:48,887 [main] INFO  [o.s.d.r.config.RepositoryConfigurationDelegate] RepositoryConfigurationDelegate.java:126 - Bootstrapping Spring Data repositories in DEFAULT mode.
2020-03-06 14:49:48,938 [main] INFO  [o.s.d.r.config.RepositoryConfigurationDelegate] RepositoryConfigurationDelegate.java:182 - Finished Spring Data repository scanning in 29ms. Found 0 repository interfaces.
2020-03-06 14:49:49,041 [main] WARN  [o.springframework.boot.actuate.endpoint.EndpointId] EndpointId.java:135 - Endpoint ID 'service-registry' contains invalid characters, please migrate to a valid format.
2020-03-06 14:49:49,197 [main] WARN  [o.springframework.boot.actuate.endpoint.EndpointId] EndpointId.java:135 - Endpoint ID 'hystrix.stream' contains invalid characters, please migrate to a valid format.
2020-03-06 14:49:49,609 [main] INFO  [o.springframework.cloud.context.scope.GenericScope] GenericScope.java:294 - BeanFactory id=a3a14165-6cb3-397c-b205-8c5750ada71e
2020-03-06 14:49:49,631 [main] INFO  [c.u.j.c.EnableEncryptablePropertiesBeanFactoryPostProcessor] EnableEncryptablePropertiesBeanFactoryPostProcessor.java:50 - Post-processing PropertySource instances
2020-03-06 14:49:49,666 [main] INFO  [c.u.j.EncryptablePropertySourceConverter] EncryptablePropertySourceConverter.java:38 - Converting PropertySource bootstrapProperties [org.springframework.core.env.CompositePropertySource] to EncryptableEnumerablePropertySourceWrapper
2020-03-06 14:49:49,666 [main] INFO  [c.u.j.EncryptablePropertySourceConverter] EncryptablePropertySourceConverter.java:38 - Converting PropertySource configurationProperties [org.springframework.boot.context.properties.source.ConfigurationPropertySourcesPropertySource] to AOP Proxy
2020-03-06 14:49:49,667 [main] INFO  [c.u.j.EncryptablePropertySourceConverter] EncryptablePropertySourceConverter.java:38 - Converting PropertySource gateway-properties [org.springframework.core.env.MapPropertySource] to EncryptableMapPropertySourceWrapper
2020-03-06 14:49:49,667 [main] INFO  [c.u.j.EncryptablePropertySourceConverter] EncryptablePropertySourceConverter.java:38 - Converting PropertySource systemProperties [org.springframework.core.env.MapPropertySource] to EncryptableMapPropertySourceWrapper
2020-03-06 14:49:49,667 [main] INFO  [c.u.j.EncryptablePropertySourceConverter] EncryptablePropertySourceConverter.java:38 - Converting PropertySource systemEnvironment [org.springframework.boot.env.SystemEnvironmentPropertySourceEnvironmentPostProcessor$OriginAwareSystemEnvironmentPropertySource] to EncryptableMapPropertySourceWrapper
2020-03-06 14:49:49,667 [main] INFO  [c.u.j.EncryptablePropertySourceConverter] EncryptablePropertySourceConverter.java:38 - Converting PropertySource random [org.springframework.boot.env.RandomValuePropertySource] to EncryptablePropertySourceWrapper
2020-03-06 14:49:49,667 [main] INFO  [c.u.j.EncryptablePropertySourceConverter] EncryptablePropertySourceConverter.java:38 - Converting PropertySource applicationConfig: [classpath:/application.yml] [org.springframework.boot.env.OriginTrackedMapPropertySource] to EncryptableMapPropertySourceWrapper
2020-03-06 14:49:49,668 [main] INFO  [c.u.j.EncryptablePropertySourceConverter] EncryptablePropertySourceConverter.java:38 - Converting PropertySource springCloudClientHostInfo [org.springframework.core.env.MapPropertySource] to EncryptableMapPropertySourceWrapper
2020-03-06 14:49:49,668 [main] INFO  [c.u.j.EncryptablePropertySourceConverter] EncryptablePropertySourceConverter.java:38 - Converting PropertySource defaultProperties [org.springframework.core.env.MapPropertySource] to EncryptableMapPropertySourceWrapper
2020-03-06 14:49:49,686 [main] INFO  [c.u.j.filter.DefaultLazyPropertyFilter] DefaultLazyPropertyFilter.java:31 - Property Filter custom Bean not found with name 'encryptablePropertyFilter'. Initializing Default Property Filter
2020-03-06 14:49:50,137 [main] INFO  [o.s.c.s.PostProcessorRegistrationDelegate$BeanPostProcessorChecker] PostProcessorRegistrationDelegate.java:330 - Bean 'org.springframework.cloud.autoconfigure.ConfigurationPropertiesRebinderAutoConfiguration' of type [org.springframework.cloud.autoconfigure.ConfigurationPropertiesRebinderAutoConfiguration$$EnhancerBySpringCGLIB$$e61cbe8e] is not eligible for getting processed by all BeanPostProcessors (for example: not eligible for auto-proxying)
2020-03-06 14:49:50,145 [main] INFO  [o.s.c.s.PostProcessorRegistrationDelegate$BeanPostProcessorChecker] PostProcessorRegistrationDelegate.java:330 - Bean 'org.springframework.cloud.sleuth.instrument.web.client.TraceWebClientAutoConfiguration$NettyConfiguration' of type [org.springframework.cloud.sleuth.instrument.web.client.TraceWebClientAutoConfiguration$NettyConfiguration$$EnhancerBySpringCGLIB$$c898e614] is not eligible for getting processed by all BeanPostProcessors (for example: not eligible for auto-proxying)
2020-03-06 14:49:50,566 [main] INFO  [c.u.j.resolver.DefaultLazyPropertyResolver] DefaultLazyPropertyResolver.java:31 - Property Resolver custom Bean not found with name 'encryptablePropertyResolver'. Initializing Default Property Resolver
2020-03-06 14:49:50,567 [main] INFO  [c.u.j.detector.DefaultLazyPropertyDetector] DefaultLazyPropertyDetector.java:30 - Property Detector custom Bean not found with name 'encryptablePropertyDetector'. Initializing Default Property Detector
2020-03-06 14:49:51,077 [main] WARN  [com.netflix.config.sources.URLConfigurationSource] URLConfigurationSource.java:121 - No URLs will be polled as dynamic configuration sources.
2020-03-06 14:49:51,078 [main] INFO  [com.netflix.config.sources.URLConfigurationSource] URLConfigurationSource.java:122 - To enable URLs as dynamic configuration sources, define System property archaius.configurationSource.additionalUrls or make config.properties available on classpath.
2020-03-06 14:49:51,087 [main] WARN  [com.netflix.config.sources.URLConfigurationSource] URLConfigurationSource.java:121 - No URLs will be polled as dynamic configuration sources.
2020-03-06 14:49:51,087 [main] INFO  [com.netflix.config.sources.URLConfigurationSource] URLConfigurationSource.java:122 - To enable URLs as dynamic configuration sources, define System property archaius.configurationSource.additionalUrls or make config.properties available on classpath.
2020-03-06 14:49:56,873 [main] INFO  [o.s.c.gateway.route.RouteDefinitionRouteLocator] RouteDefinitionRouteLocator.java:107 - Loaded RoutePredicateFactory [After]
2020-03-06 14:49:56,873 [main] INFO  [o.s.c.gateway.route.RouteDefinitionRouteLocator] RouteDefinitionRouteLocator.java:107 - Loaded RoutePredicateFactory [Before]
2020-03-06 14:49:56,874 [main] INFO  [o.s.c.gateway.route.RouteDefinitionRouteLocator] RouteDefinitionRouteLocator.java:107 - Loaded RoutePredicateFactory [Between]
2020-03-06 14:49:56,874 [main] INFO  [o.s.c.gateway.route.RouteDefinitionRouteLocator] RouteDefinitionRouteLocator.java:107 - Loaded RoutePredicateFactory [Cookie]
2020-03-06 14:49:56,874 [main] INFO  [o.s.c.gateway.route.RouteDefinitionRouteLocator] RouteDefinitionRouteLocator.java:107 - Loaded RoutePredicateFactory [Header]
2020-03-06 14:49:56,875 [main] INFO  [o.s.c.gateway.route.RouteDefinitionRouteLocator] RouteDefinitionRouteLocator.java:107 - Loaded RoutePredicateFactory [Host]
2020-03-06 14:49:56,875 [main] INFO  [o.s.c.gateway.route.RouteDefinitionRouteLocator] RouteDefinitionRouteLocator.java:107 - Loaded RoutePredicateFactory [Method]
2020-03-06 14:49:56,875 [main] INFO  [o.s.c.gateway.route.RouteDefinitionRouteLocator] RouteDefinitionRouteLocator.java:107 - Loaded RoutePredicateFactory [Path]
2020-03-06 14:49:56,875 [main] INFO  [o.s.c.gateway.route.RouteDefinitionRouteLocator] RouteDefinitionRouteLocator.java:107 - Loaded RoutePredicateFactory [Query]
2020-03-06 14:49:56,876 [main] INFO  [o.s.c.gateway.route.RouteDefinitionRouteLocator] RouteDefinitionRouteLocator.java:107 - Loaded RoutePredicateFactory [ReadBodyPredicateFactory]
2020-03-06 14:49:56,876 [main] INFO  [o.s.c.gateway.route.RouteDefinitionRouteLocator] RouteDefinitionRouteLocator.java:107 - Loaded RoutePredicateFactory [RemoteAddr]
2020-03-06 14:49:56,876 [main] INFO  [o.s.c.gateway.route.RouteDefinitionRouteLocator] RouteDefinitionRouteLocator.java:107 - Loaded RoutePredicateFactory [Weight]
2020-03-06 14:49:56,876 [main] INFO  [o.s.c.gateway.route.RouteDefinitionRouteLocator] RouteDefinitionRouteLocator.java:107 - Loaded RoutePredicateFactory [CloudFoundryRouteService]
2020-03-06 14:49:57,454 [main] INFO  [o.s.b.actuate.endpoint.web.EndpointLinksResolver] EndpointLinksResolver.java:59 - Exposing 21 endpoint(s) beneath base path '/actuator'
2020-03-06 14:49:59,247 [main] INFO  [com.netflix.discovery.DiscoveryClient] DiscoveryClient.java:888 - Shutting down DiscoveryClient ...
2020-03-06 14:49:59,255 [main] INFO  [com.netflix.discovery.DiscoveryClient] DiscoveryClient.java:911 - Completed shut down of DiscoveryClient
2020-03-06 14:49:59,733 [main] INFO  [o.s.cloud.netflix.eureka.InstanceInfoFactory] InstanceInfoFactory.java:71 - Setting initial instance status as: STARTING
2020-03-06 14:49:59,739 [main] INFO  [com.netflix.discovery.DiscoveryClient] DiscoveryClient.java:349 - Initializing Eureka in region us-east-1
2020-03-06 14:49:59,741 [main] INFO  [c.n.discovery.provider.DiscoveryJerseyProvider] DiscoveryJerseyProvider.java:70 - Using JSON encoding codec LegacyJacksonJson
2020-03-06 14:49:59,741 [main] INFO  [c.n.discovery.provider.DiscoveryJerseyProvider] DiscoveryJerseyProvider.java:71 - Using JSON decoding codec LegacyJacksonJson
2020-03-06 14:49:59,742 [main] INFO  [c.n.discovery.provider.DiscoveryJerseyProvider] DiscoveryJerseyProvider.java:80 - Using XML encoding codec XStreamXml
2020-03-06 14:49:59,742 [main] INFO  [c.n.discovery.provider.DiscoveryJerseyProvider] DiscoveryJerseyProvider.java:81 - Using XML decoding codec XStreamXml
2020-03-06 14:49:59,805 [main] INFO  [c.n.d.shared.resolver.aws.ConfigClusterResolver] ConfigClusterResolver.java:43 - Resolving eureka endpoints via configuration
2020-03-06 14:49:59,807 [main] INFO  [com.netflix.discovery.DiscoveryClient] DiscoveryClient.java:958 - Disable delta property : false
2020-03-06 14:49:59,807 [main] INFO  [com.netflix.discovery.DiscoveryClient] DiscoveryClient.java:959 - Single vip registry refresh property : null
2020-03-06 14:49:59,807 [main] INFO  [com.netflix.discovery.DiscoveryClient] DiscoveryClient.java:960 - Force full registry fetch : false
2020-03-06 14:49:59,807 [main] INFO  [com.netflix.discovery.DiscoveryClient] DiscoveryClient.java:961 - Application is null : false
2020-03-06 14:49:59,808 [main] INFO  [com.netflix.discovery.DiscoveryClient] DiscoveryClient.java:962 - Registered Applications size is zero : true
2020-03-06 14:49:59,808 [main] INFO  [com.netflix.discovery.DiscoveryClient] DiscoveryClient.java:964 - Application version is -1: true
2020-03-06 14:49:59,808 [main] INFO  [com.netflix.discovery.DiscoveryClient] DiscoveryClient.java:1047 - Getting all instance registry info from the eureka server
2020-03-06 14:49:59,925 [main] INFO  [com.netflix.discovery.DiscoveryClient] DiscoveryClient.java:1056 - The response status is 200
2020-03-06 14:49:59,926 [main] INFO  [com.netflix.discovery.DiscoveryClient] DiscoveryClient.java:1270 - Starting heartbeat executor: renew interval is: 30
2020-03-06 14:49:59,929 [main] INFO  [com.netflix.discovery.InstanceInfoReplicator] InstanceInfoReplicator.java:60 - InstanceInfoReplicator onDemand update allowed rate per min is 4
2020-03-06 14:49:59,930 [main] INFO  [com.netflix.discovery.DiscoveryClient] DiscoveryClient.java:449 - Discovery Client initialized at timestamp 1583477399930 with initial instances count: 3
2020-03-06 14:49:59,935 [main] INFO  [o.s.c.n.e.serviceregistry.EurekaServiceRegistry] EurekaServiceRegistry.java:42 - Registering application CLINBRAIN-GATEWAY-STG with eureka with status UP
2020-03-06 14:49:59,936 [main] INFO  [com.netflix.discovery.DiscoveryClient] DiscoveryClient.java:1305 - Saw local status change event StatusChangeEvent [timestamp=1583477399936, current=UP, previous=STARTING]
2020-03-06 14:49:59,939 [DiscoveryClient-InstanceInfoReplicator-0] INFO  [com.netflix.discovery.DiscoveryClient] DiscoveryClient.java:826 - DiscoveryClient_CLINBRAIN-GATEWAY-STG/host.docker.internal:clinbrain-gateway-stg:9999: registering service...
2020-03-06 14:49:59,995 [DiscoveryClient-InstanceInfoReplicator-0] INFO  [com.netflix.discovery.DiscoveryClient] DiscoveryClient.java:835 - DiscoveryClient_CLINBRAIN-GATEWAY-STG/host.docker.internal:clinbrain-gateway-stg:9999 - registration status: 204
2020-03-06 14:50:00,780 [main] INFO  [o.s.boot.web.embedded.netty.NettyWebServer] NettyWebServer.java:77 - Netty started on port(s): 9999
2020-03-06 14:50:00,782 [main] INFO  [o.s.c.n.e.s.EurekaAutoServiceRegistration] EurekaAutoServiceRegistration.java:141 - Updating port to 9999
2020-03-06 14:50:00,782 [main] INFO  [o.s.c.n.e.s.EurekaAutoServiceRegistration] EurekaAutoServiceRegistration.java:141 - Updating port to 9999
2020-03-06 14:50:00,785 [main] INFO  [com.clinbrain.bd.mdm.gateway.PigGatewayApplication] StartupInfoLogger.java:59 - Started PigGatewayApplication in 22.843 seconds (JVM running for 24.477)
2020-03-06 14:50:01,733 [RMI TCP Connection(8)-10.255.0.12] INFO  [o.s.c.c.client.ConfigServicePropertySourceLocator] ConfigServicePropertySourceLocator.java:205 - Fetching config from server at : http://172.20.115.214:8888/
2020-03-06 14:50:02,654 [RMI TCP Connection(8)-10.255.0.12] INFO  [o.s.c.c.client.ConfigServicePropertySourceLocator] ConfigServicePropertySourceLocator.java:149 - Located environment: name=clinbrain-gateway-stg, profiles=[stg], label=null, version=null, state=null
2020-03-06 14:50:02,765 [parallel-1] INFO  [io.lettuce.core.EpollProvider] EpollProvider.java:68 - Starting without optional epoll library
2020-03-06 14:50:02,767 [parallel-1] INFO  [io.lettuce.core.KqueueProvider] KqueueProvider.java:70 - Starting without optional kqueue library
2020-03-06 14:50:03,375 [AsyncReporter{org.springframework.cloud.sleuth.zipkin2.sender.RestTemplateSender@35536760}] INFO  [com.netflix.config.ChainedDynamicProperty] ChainedDynamicProperty.java:115 - Flipping property: localhost.ribbon.ActiveConnectionsLimit to use NEXT property: niws.loadbalancer.availabilityFilteringRule.activeConnectionsLimit = 2147483647
2020-03-06 14:50:03,427 [AsyncReporter{org.springframework.cloud.sleuth.zipkin2.sender.RestTemplateSender@35536760}] INFO  [com.netflix.util.concurrent.ShutdownEnabledTimer] ShutdownEnabledTimer.java:58 - Shutdown hook installed for: NFLoadBalancer-PingTimer-localhost
2020-03-06 14:50:03,429 [AsyncReporter{org.springframework.cloud.sleuth.zipkin2.sender.RestTemplateSender@35536760}] INFO  [com.netflix.loadbalancer.BaseLoadBalancer] BaseLoadBalancer.java:197 - Client: localhost instantiated a LoadBalancer: DynamicServerListLoadBalancer:{NFLoadBalancer:name=localhost,current list of Servers=[],Load balancer stats=Zone stats: {},Server stats: []}ServerList:null
2020-03-06 14:50:03,439 [AsyncReporter{org.springframework.cloud.sleuth.zipkin2.sender.RestTemplateSender@35536760}] INFO  [c.n.loadbalancer.DynamicServerListLoadBalancer] DynamicServerListLoadBalancer.java:222 - Using serverListUpdater PollingServerListUpdater
2020-03-06 14:50:03,443 [AsyncReporter{org.springframework.cloud.sleuth.zipkin2.sender.RestTemplateSender@35536760}] INFO  [c.n.loadbalancer.DynamicServerListLoadBalancer] DynamicServerListLoadBalancer.java:150 - DynamicServerListLoadBalancer for client localhost initialized: DynamicServerListLoadBalancer:{NFLoadBalancer:name=localhost,current list of Servers=[],Load balancer stats=Zone stats: {},Server stats: []}ServerList:org.springframework.cloud.netflix.ribbon.eureka.DomainExtractingServerList@1738d441
