2020-03-06 14:43:04,965 [main] INFO  [c.u.j.c.EnableEncryptablePropertiesBeanFactoryPostProcessor] EnableEncryptablePropertiesBeanFactoryPostProcessor.java:50 - Post-processing PropertySource instances
2020-03-06 14:43:05,074 [main] INFO  [c.u.j.EncryptablePropertySourceConverter] EncryptablePropertySourceConverter.java:38 - Converting PropertySource configurationProperties [org.springframework.boot.context.properties.source.ConfigurationPropertySourcesPropertySource] to AOP Proxy
2020-03-06 14:43:05,077 [main] INFO  [c.u.j.EncryptablePropertySourceConverter] EncryptablePropertySourceConverter.java:38 - Converting PropertySource bootstrap [org.springframework.core.env.MapPropertySource] to EncryptableMapPropertySourceWrapper
2020-03-06 14:43:05,078 [main] INFO  [c.u.j.EncryptablePropertySourceConverter] EncryptablePropertySourceConverter.java:38 - Converting PropertySource systemProperties [org.springframework.core.env.MapPropertySource] to EncryptableMapPropertySourceWrapper
2020-03-06 14:43:05,078 [main] INFO  [c.u.j.EncryptablePropertySourceConverter] EncryptablePropertySourceConverter.java:38 - Converting PropertySource systemEnvironment [org.springframework.boot.env.SystemEnvironmentPropertySourceEnvironmentPostProcessor$OriginAwareSystemEnvironmentPropertySource] to EncryptableMapPropertySourceWrapper
2020-03-06 14:43:05,079 [main] INFO  [c.u.j.EncryptablePropertySourceConverter] EncryptablePropertySourceConverter.java:38 - Converting PropertySource random [org.springframework.boot.env.RandomValuePropertySource] to EncryptablePropertySourceWrapper
2020-03-06 14:43:05,079 [main] INFO  [c.u.j.EncryptablePropertySourceConverter] EncryptablePropertySourceConverter.java:38 - Converting PropertySource springCloudClientHostInfo [org.springframework.core.env.MapPropertySource] to EncryptableMapPropertySourceWrapper
2020-03-06 14:43:05,079 [main] INFO  [c.u.j.EncryptablePropertySourceConverter] EncryptablePropertySourceConverter.java:38 - Converting PropertySource applicationConfig: [classpath:/bootstrap.yml] [org.springframework.boot.env.OriginTrackedMapPropertySource] to EncryptableMapPropertySourceWrapper
2020-03-06 14:43:05,079 [main] INFO  [c.u.j.EncryptablePropertySourceConverter] EncryptablePropertySourceConverter.java:38 - Converting PropertySource defaultProperties [org.springframework.core.env.MapPropertySource] to EncryptableMapPropertySourceWrapper
2020-03-06 14:43:05,108 [main] INFO  [o.s.c.s.PostProcessorRegistrationDelegate$BeanPostProcessorChecker] PostProcessorRegistrationDelegate.java:330 - Bean 'org.springframework.cloud.autoconfigure.ConfigurationPropertiesRebinderAutoConfiguration' of type [org.springframework.cloud.autoconfigure.ConfigurationPropertiesRebinderAutoConfiguration$$EnhancerBySpringCGLIB$$2eeb9657] is not eligible for getting processed by all BeanPostProcessors (for example: not eligible for auto-proxying)
2020-03-06 14:43:05,137 [main] INFO  [c.u.j.filter.DefaultLazyPropertyFilter] DefaultLazyPropertyFilter.java:31 - Property Filter custom Bean not found with name 'encryptablePropertyFilter'. Initializing Default Property Filter
2020-03-06 14:43:05,167 [main] INFO  [c.u.j.resolver.DefaultLazyPropertyResolver] DefaultLazyPropertyResolver.java:31 - Property Resolver custom Bean not found with name 'encryptablePropertyResolver'. Initializing Default Property Resolver
2020-03-06 14:43:05,169 [main] INFO  [c.u.j.detector.DefaultLazyPropertyDetector] DefaultLazyPropertyDetector.java:30 - Property Detector custom Bean not found with name 'encryptablePropertyDetector'. Initializing Default Property Detector
2020-03-06 14:43:06,118 [main] INFO  [c.u.j.c.EnableEncryptablePropertiesConfiguration] EnableEncryptablePropertiesConfiguration.java:69 - Bootstraping jasypt-string-boot auto configuration in context: clinbrain-eureka-1
2020-03-06 14:43:06,119 [main] INFO  [com.clinbrain.bd.mdm.eureka.PigEurekaApplication] SpringApplication.java:675 - No active profile set, falling back to default profiles: default
2020-03-06 14:43:07,381 [main] WARN  [o.springframework.boot.actuate.endpoint.EndpointId] EndpointId.java:135 - Endpoint ID 'service-registry' contains invalid characters, please migrate to a valid format.
2020-03-06 14:43:07,815 [main] INFO  [o.springframework.cloud.context.scope.GenericScope] GenericScope.java:294 - BeanFactory id=1075714b-2443-393d-904f-8e9bf8f509b0
2020-03-06 14:43:07,823 [main] INFO  [c.u.j.c.EnableEncryptablePropertiesBeanFactoryPostProcessor] EnableEncryptablePropertiesBeanFactoryPostProcessor.java:50 - Post-processing PropertySource instances
2020-03-06 14:43:07,843 [main] INFO  [c.u.j.EncryptablePropertySourceConverter] EncryptablePropertySourceConverter.java:38 - Converting PropertySource configurationProperties [org.springframework.boot.context.properties.source.ConfigurationPropertySourcesPropertySource] to AOP Proxy
2020-03-06 14:43:07,843 [main] INFO  [c.u.j.EncryptablePropertySourceConverter] EncryptablePropertySourceConverter.java:38 - Converting PropertySource servletConfigInitParams [org.springframework.core.env.PropertySource$StubPropertySource] to EncryptablePropertySourceWrapper
2020-03-06 14:43:07,844 [main] INFO  [c.u.j.EncryptablePropertySourceConverter] EncryptablePropertySourceConverter.java:38 - Converting PropertySource servletContextInitParams [org.springframework.core.env.PropertySource$StubPropertySource] to EncryptablePropertySourceWrapper
2020-03-06 14:43:07,844 [main] INFO  [c.u.j.EncryptablePropertySourceConverter] EncryptablePropertySourceConverter.java:38 - Converting PropertySource systemProperties [org.springframework.core.env.MapPropertySource] to EncryptableMapPropertySourceWrapper
2020-03-06 14:43:07,844 [main] INFO  [c.u.j.EncryptablePropertySourceConverter] EncryptablePropertySourceConverter.java:38 - Converting PropertySource systemEnvironment [org.springframework.boot.env.SystemEnvironmentPropertySourceEnvironmentPostProcessor$OriginAwareSystemEnvironmentPropertySource] to EncryptableMapPropertySourceWrapper
2020-03-06 14:43:07,845 [main] INFO  [c.u.j.EncryptablePropertySourceConverter] EncryptablePropertySourceConverter.java:38 - Converting PropertySource random [org.springframework.boot.env.RandomValuePropertySource] to EncryptablePropertySourceWrapper
2020-03-06 14:43:07,845 [main] INFO  [c.u.j.EncryptablePropertySourceConverter] EncryptablePropertySourceConverter.java:38 - Converting PropertySource springCloudClientHostInfo [org.springframework.core.env.MapPropertySource] to EncryptableMapPropertySourceWrapper
2020-03-06 14:43:07,845 [main] INFO  [c.u.j.EncryptablePropertySourceConverter] EncryptablePropertySourceConverter.java:38 - Converting PropertySource class path resource [eureka/server.properties] [org.springframework.core.io.support.ResourcePropertySource] to EncryptableMapPropertySourceWrapper
2020-03-06 14:43:07,845 [main] INFO  [c.u.j.EncryptablePropertySourceConverter] EncryptablePropertySourceConverter.java:38 - Converting PropertySource defaultProperties [org.springframework.core.env.MapPropertySource] to EncryptableMapPropertySourceWrapper
2020-03-06 14:43:07,862 [main] INFO  [c.u.j.filter.DefaultLazyPropertyFilter] DefaultLazyPropertyFilter.java:31 - Property Filter custom Bean not found with name 'encryptablePropertyFilter'. Initializing Default Property Filter
2020-03-06 14:43:08,224 [main] INFO  [o.s.c.s.PostProcessorRegistrationDelegate$BeanPostProcessorChecker] PostProcessorRegistrationDelegate.java:330 - Bean 'org.springframework.cloud.autoconfigure.ConfigurationPropertiesRebinderAutoConfiguration' of type [org.springframework.cloud.autoconfigure.ConfigurationPropertiesRebinderAutoConfiguration$$EnhancerBySpringCGLIB$$2eeb9657] is not eligible for getting processed by all BeanPostProcessors (for example: not eligible for auto-proxying)
2020-03-06 14:43:08,390 [main] INFO  [c.u.j.resolver.DefaultLazyPropertyResolver] DefaultLazyPropertyResolver.java:31 - Property Resolver custom Bean not found with name 'encryptablePropertyResolver'. Initializing Default Property Resolver
2020-03-06 14:43:08,390 [main] INFO  [c.u.j.detector.DefaultLazyPropertyDetector] DefaultLazyPropertyDetector.java:30 - Property Detector custom Bean not found with name 'encryptablePropertyDetector'. Initializing Default Property Detector
2020-03-06 14:43:08,752 [main] WARN  [io.undertow.websockets.jsr] Bootstrap.java:68 - UT026010: Buffer pool was not set on WebSocketDeploymentInfo, the default pool will be used
2020-03-06 14:43:08,798 [main] INFO  [io.undertow.servlet] ServletContextImpl.java:364 - Initializing Spring embedded WebApplicationContext
2020-03-06 14:43:08,799 [main] INFO  [org.springframework.web.context.ContextLoader] ServletWebServerApplicationContext.java:296 - Root WebApplicationContext: initialization completed in 2661 ms
2020-03-06 14:43:09,011 [main] WARN  [com.netflix.config.sources.URLConfigurationSource] URLConfigurationSource.java:121 - No URLs will be polled as dynamic configuration sources.
2020-03-06 14:43:09,012 [main] INFO  [com.netflix.config.sources.URLConfigurationSource] URLConfigurationSource.java:122 - To enable URLs as dynamic configuration sources, define System property archaius.configurationSource.additionalUrls or make config.properties available on classpath.
2020-03-06 14:43:09,032 [main] INFO  [com.netflix.config.DynamicPropertyFactory] DynamicPropertyFactory.java:281 - DynamicPropertyFactory is initialized with configuration sources: com.netflix.config.ConcurrentCompositeConfiguration@3ea48c37
2020-03-06 14:43:11,682 [main] INFO  [o.s.b.a.endpoint.web.ServletEndpointRegistrar] ServletEndpointRegistrar.java:78 - Registered '/actuator/jolokia' to jolokia-actuator-endpoint
2020-03-06 14:43:12,218 [main] INFO  [o.s.security.web.DefaultSecurityFilterChain] DefaultSecurityFilterChain.java:43 - Creating filter chain: any request, [org.springframework.security.web.context.request.async.WebAsyncManagerIntegrationFilter@61bf405d, org.springframework.security.web.context.SecurityContextPersistenceFilter@5c0272e0, org.springframework.security.web.header.HeaderWriterFilter@59014efe, org.springframework.security.web.authentication.logout.LogoutFilter@1edac3b4, org.springframework.security.web.authentication.www.BasicAuthenticationFilter@de0c402, org.springframework.security.web.savedrequest.RequestCacheAwareFilter@65a80fdb, org.springframework.security.web.servletapi.SecurityContextHolderAwareRequestFilter@40b70f31, org.springframework.security.web.authentication.AnonymousAuthenticationFilter@32298473, org.springframework.security.web.session.SessionManagementFilter@3e2578ea, org.springframework.security.web.access.ExceptionTranslationFilter@4aa517c3, org.springframework.security.web.access.intercept.FilterSecurityInterceptor@1b732dd]
2020-03-06 14:43:12,249 [main] WARN  [com.netflix.config.sources.URLConfigurationSource] URLConfigurationSource.java:121 - No URLs will be polled as dynamic configuration sources.
2020-03-06 14:43:12,249 [main] INFO  [com.netflix.config.sources.URLConfigurationSource] URLConfigurationSource.java:122 - To enable URLs as dynamic configuration sources, define System property archaius.configurationSource.additionalUrls or make config.properties available on classpath.
2020-03-06 14:43:12,605 [main] INFO  [o.s.scheduling.concurrent.ThreadPoolTaskExecutor] ExecutorConfigurationSupport.java:171 - Initializing ExecutorService 'applicationTaskExecutor'
2020-03-06 14:43:13,406 [main] INFO  [o.s.b.actuate.endpoint.web.EndpointLinksResolver] EndpointLinksResolver.java:59 - Exposing 20 endpoint(s) beneath base path '/actuator'
2020-03-06 14:43:15,651 [main] INFO  [o.s.cloud.netflix.eureka.InstanceInfoFactory] InstanceInfoFactory.java:71 - Setting initial instance status as: STARTING
2020-03-06 14:43:15,697 [main] INFO  [com.netflix.discovery.DiscoveryClient] DiscoveryClient.java:349 - Initializing Eureka in region us-east-1
2020-03-06 14:43:15,698 [main] INFO  [com.netflix.discovery.DiscoveryClient] DiscoveryClient.java:352 - Client configured to neither register nor query for data.
2020-03-06 14:43:15,710 [main] INFO  [com.netflix.discovery.DiscoveryClient] DiscoveryClient.java:365 - Discovery Client initialized at timestamp 1583476995708 with initial instances count: 0
2020-03-06 14:43:15,784 [main] INFO  [com.netflix.eureka.DefaultEurekaServerContext] DefaultEurekaServerContext.java:63 - Initializing ...
2020-03-06 14:43:15,787 [main] INFO  [com.netflix.eureka.cluster.PeerEurekaNodes] PeerEurekaNodes.java:188 - Adding new peer nodes [http://pig:pig@localhost:8761/eureka/]
2020-03-06 14:43:16,684 [main] INFO  [c.n.discovery.provider.DiscoveryJerseyProvider] DiscoveryJerseyProvider.java:70 - Using JSON encoding codec LegacyJacksonJson
2020-03-06 14:43:16,684 [main] INFO  [c.n.discovery.provider.DiscoveryJerseyProvider] DiscoveryJerseyProvider.java:71 - Using JSON decoding codec LegacyJacksonJson
2020-03-06 14:43:16,685 [main] INFO  [c.n.discovery.provider.DiscoveryJerseyProvider] DiscoveryJerseyProvider.java:80 - Using XML encoding codec XStreamXml
2020-03-06 14:43:16,685 [main] INFO  [c.n.discovery.provider.DiscoveryJerseyProvider] DiscoveryJerseyProvider.java:81 - Using XML decoding codec XStreamXml
2020-03-06 14:43:17,112 [main] INFO  [com.netflix.eureka.cluster.PeerEurekaNodes] PeerEurekaNodes.java:110 - Replica node URL:  http://pig:pig@localhost:8761/eureka/
2020-03-06 14:43:17,122 [main] INFO  [c.netflix.eureka.registry.AbstractInstanceRegistry] AbstractInstanceRegistry.java:151 - Finished initializing remote region registries. All known remote regions: []
2020-03-06 14:43:17,124 [main] INFO  [com.netflix.eureka.DefaultEurekaServerContext] DefaultEurekaServerContext.java:70 - Initialized
2020-03-06 14:43:17,354 [main] INFO  [o.s.c.n.e.serviceregistry.EurekaServiceRegistry] EurekaServiceRegistry.java:42 - Registering application CLINBRAIN-EUREKA with eureka with status UP
2020-03-06 14:43:17,358 [Thread-39] INFO  [o.s.c.netflix.eureka.server.EurekaServerBootstrap] EurekaServerBootstrap.java:109 - Setting the eureka configuration..
2020-03-06 14:43:17,359 [Thread-39] INFO  [o.s.c.netflix.eureka.server.EurekaServerBootstrap] EurekaServerBootstrap.java:114 - Eureka data center value eureka.datacenter is not set, defaulting to default
2020-03-06 14:43:17,361 [Thread-39] INFO  [o.s.c.netflix.eureka.server.EurekaServerBootstrap] EurekaServerBootstrap.java:128 - Eureka environment value eureka.environment is not set, defaulting to test
2020-03-06 14:43:17,380 [Thread-39] INFO  [o.s.c.netflix.eureka.server.EurekaServerBootstrap] EurekaServerBootstrap.java:184 - isAws returned false
2020-03-06 14:43:17,381 [Thread-39] INFO  [o.s.c.netflix.eureka.server.EurekaServerBootstrap] EurekaServerBootstrap.java:152 - Initialized server context
2020-03-06 14:43:17,381 [Thread-39] INFO  [c.n.eureka.registry.PeerAwareInstanceRegistryImpl] PeerAwareInstanceRegistryImpl.java:241 - Got 1 instances from neighboring DS node
2020-03-06 14:43:17,382 [Thread-39] INFO  [c.n.eureka.registry.PeerAwareInstanceRegistryImpl] PeerAwareInstanceRegistryImpl.java:242 - Renew threshold is: 1
2020-03-06 14:43:17,382 [Thread-39] INFO  [c.n.eureka.registry.PeerAwareInstanceRegistryImpl] PeerAwareInstanceRegistryImpl.java:253 - Changing status to UP
2020-03-06 14:43:17,394 [Thread-39] INFO  [o.s.c.n.e.s.EurekaServerInitializerConfiguration] EurekaServerInitializerConfiguration.java:72 - Started Eureka Server
2020-03-06 14:43:17,449 [main] INFO  [c.s.j.server.impl.application.WebApplicationImpl] WebApplicationImpl.java:815 - Initiating Jersey application, version 'Jersey: 1.19.1 03/11/2016 02:08 PM'
2020-03-06 14:43:17,511 [main] INFO  [c.n.discovery.provider.DiscoveryJerseyProvider] DiscoveryJerseyProvider.java:70 - Using JSON encoding codec LegacyJacksonJson
2020-03-06 14:43:17,512 [main] INFO  [c.n.discovery.provider.DiscoveryJerseyProvider] DiscoveryJerseyProvider.java:71 - Using JSON decoding codec LegacyJacksonJson
2020-03-06 14:43:17,512 [main] INFO  [c.n.discovery.provider.DiscoveryJerseyProvider] DiscoveryJerseyProvider.java:80 - Using XML encoding codec XStreamXml
2020-03-06 14:43:17,513 [main] INFO  [c.n.discovery.provider.DiscoveryJerseyProvider] DiscoveryJerseyProvider.java:81 - Using XML decoding codec XStreamXml
2020-03-06 14:43:17,980 [main] INFO  [org.xnio] Xnio.java:104 - XNIO version 3.3.8.Final
2020-03-06 14:43:17,999 [main] INFO  [org.xnio.nio] NioXnio.java:55 - XNIO NIO Implementation Version 3.3.8.Final
2020-03-06 14:43:18,093 [main] INFO  [o.s.b.w.embedded.undertow.UndertowServletWebServer] UndertowServletWebServer.java:148 - Undertow started on port(s) 8761 (http) with context path ''
2020-03-06 14:43:18,094 [main] INFO  [o.s.c.n.e.s.EurekaAutoServiceRegistration] EurekaAutoServiceRegistration.java:141 - Updating port to 8761
2020-03-06 14:43:18,096 [main] INFO  [com.clinbrain.bd.mdm.eureka.PigEurekaApplication] StartupInfoLogger.java:59 - Started PigEurekaApplication in 15.507 seconds (JVM running for 18.155)
2020-03-06 14:43:20,084 [RMI TCP Connection(5)-10.255.0.12] INFO  [io.undertow.servlet] ServletContextImpl.java:364 - Initializing Spring DispatcherServlet 'dispatcherServlet'
2020-03-06 14:43:20,084 [RMI TCP Connection(5)-10.255.0.12] INFO  [org.springframework.web.servlet.DispatcherServlet] FrameworkServlet.java:524 - Initializing Servlet 'dispatcherServlet'
2020-03-06 14:43:20,107 [RMI TCP Connection(5)-10.255.0.12] INFO  [org.springframework.web.servlet.DispatcherServlet] FrameworkServlet.java:546 - Completed initialization in 22 ms
2020-03-06 14:43:21,384 [Eureka-EvictionTimer] INFO  [c.netflix.eureka.registry.AbstractInstanceRegistry] AbstractInstanceRegistry.java:1250 - Running the evict task with compensationTime 0ms
2020-03-06 14:43:25,385 [Eureka-EvictionTimer] INFO  [c.netflix.eureka.registry.AbstractInstanceRegistry] AbstractInstanceRegistry.java:1250 - Running the evict task with compensationTime 1ms
2020-03-06 14:43:29,386 [Eureka-EvictionTimer] INFO  [c.netflix.eureka.registry.AbstractInstanceRegistry] AbstractInstanceRegistry.java:1250 - Running the evict task with compensationTime 0ms
2020-03-06 14:43:33,386 [Eureka-EvictionTimer] INFO  [c.netflix.eureka.registry.AbstractInstanceRegistry] AbstractInstanceRegistry.java:1250 - Running the evict task with compensationTime 0ms
2020-03-06 14:43:37,387 [Eureka-EvictionTimer] INFO  [c.netflix.eureka.registry.AbstractInstanceRegistry] AbstractInstanceRegistry.java:1250 - Running the evict task with compensationTime 0ms
2020-03-06 14:43:41,387 [Eureka-EvictionTimer] INFO  [c.netflix.eureka.registry.AbstractInstanceRegistry] AbstractInstanceRegistry.java:1250 - Running the evict task with compensationTime 0ms
2020-03-06 14:43:45,388 [Eureka-EvictionTimer] INFO  [c.netflix.eureka.registry.AbstractInstanceRegistry] AbstractInstanceRegistry.java:1250 - Running the evict task with compensationTime 0ms
2020-03-06 14:43:49,389 [Eureka-EvictionTimer] INFO  [c.netflix.eureka.registry.AbstractInstanceRegistry] AbstractInstanceRegistry.java:1250 - Running the evict task with compensationTime 0ms
2020-03-06 14:43:53,389 [Eureka-EvictionTimer] INFO  [c.netflix.eureka.registry.AbstractInstanceRegistry] AbstractInstanceRegistry.java:1250 - Running the evict task with compensationTime 0ms
2020-03-06 14:43:57,390 [Eureka-EvictionTimer] INFO  [c.netflix.eureka.registry.AbstractInstanceRegistry] AbstractInstanceRegistry.java:1250 - Running the evict task with compensationTime 0ms
2020-03-06 14:44:01,391 [Eureka-EvictionTimer] INFO  [c.netflix.eureka.registry.AbstractInstanceRegistry] AbstractInstanceRegistry.java:1250 - Running the evict task with compensationTime 1ms
2020-03-06 14:44:05,392 [Eureka-EvictionTimer] INFO  [c.netflix.eureka.registry.AbstractInstanceRegistry] AbstractInstanceRegistry.java:1250 - Running the evict task with compensationTime 0ms
2020-03-06 14:44:09,392 [Eureka-EvictionTimer] INFO  [c.netflix.eureka.registry.AbstractInstanceRegistry] AbstractInstanceRegistry.java:1250 - Running the evict task with compensationTime 0ms
2020-03-06 14:44:13,393 [Eureka-EvictionTimer] INFO  [c.netflix.eureka.registry.AbstractInstanceRegistry] AbstractInstanceRegistry.java:1250 - Running the evict task with compensationTime 0ms
2020-03-06 14:44:17,393 [Eureka-EvictionTimer] INFO  [c.netflix.eureka.registry.AbstractInstanceRegistry] AbstractInstanceRegistry.java:1250 - Running the evict task with compensationTime 0ms
2020-03-06 14:44:21,393 [Eureka-EvictionTimer] INFO  [c.netflix.eureka.registry.AbstractInstanceRegistry] AbstractInstanceRegistry.java:1250 - Running the evict task with compensationTime 0ms
2020-03-06 14:44:25,394 [Eureka-EvictionTimer] INFO  [c.netflix.eureka.registry.AbstractInstanceRegistry] AbstractInstanceRegistry.java:1250 - Running the evict task with compensationTime 0ms
2020-03-06 14:44:29,395 [Eureka-EvictionTimer] INFO  [c.netflix.eureka.registry.AbstractInstanceRegistry] AbstractInstanceRegistry.java:1250 - Running the evict task with compensationTime 0ms
2020-03-06 14:44:29,945 [XNIO-1 task-2] INFO  [c.netflix.eureka.registry.AbstractInstanceRegistry] AbstractInstanceRegistry.java:266 - Registered instance CLINBRAIN-CONFIG/host.docker.internal:clinbrain-config:8888 with status UP (replication=false)
2020-03-06 14:44:30,800 [XNIO-1 task-3] INFO  [c.netflix.eureka.registry.AbstractInstanceRegistry] AbstractInstanceRegistry.java:266 - Registered instance CLINBRAIN-CONFIG/host.docker.internal:clinbrain-config:8888 with status UP (replication=true)
2020-03-06 14:44:33,395 [Eureka-EvictionTimer] INFO  [c.netflix.eureka.registry.AbstractInstanceRegistry] AbstractInstanceRegistry.java:1250 - Running the evict task with compensationTime 0ms
2020-03-06 14:44:37,396 [Eureka-EvictionTimer] INFO  [c.netflix.eureka.registry.AbstractInstanceRegistry] AbstractInstanceRegistry.java:1250 - Running the evict task with compensationTime 0ms
2020-03-06 14:44:41,396 [Eureka-EvictionTimer] INFO  [c.netflix.eureka.registry.AbstractInstanceRegistry] AbstractInstanceRegistry.java:1250 - Running the evict task with compensationTime 0ms
2020-03-06 14:44:45,396 [Eureka-EvictionTimer] INFO  [c.netflix.eureka.registry.AbstractInstanceRegistry] AbstractInstanceRegistry.java:1250 - Running the evict task with compensationTime 0ms
2020-03-06 14:44:49,396 [Eureka-EvictionTimer] INFO  [c.netflix.eureka.registry.AbstractInstanceRegistry] AbstractInstanceRegistry.java:1250 - Running the evict task with compensationTime 0ms
2020-03-06 14:44:53,397 [Eureka-EvictionTimer] INFO  [c.netflix.eureka.registry.AbstractInstanceRegistry] AbstractInstanceRegistry.java:1250 - Running the evict task with compensationTime 0ms
2020-03-06 14:44:57,397 [Eureka-EvictionTimer] INFO  [c.netflix.eureka.registry.AbstractInstanceRegistry] AbstractInstanceRegistry.java:1250 - Running the evict task with compensationTime 0ms
2020-03-06 14:45:01,398 [Eureka-EvictionTimer] INFO  [c.netflix.eureka.registry.AbstractInstanceRegistry] AbstractInstanceRegistry.java:1250 - Running the evict task with compensationTime 0ms
2020-03-06 14:45:05,398 [Eureka-EvictionTimer] INFO  [c.netflix.eureka.registry.AbstractInstanceRegistry] AbstractInstanceRegistry.java:1250 - Running the evict task with compensationTime 0ms
2020-03-06 14:45:09,398 [Eureka-EvictionTimer] INFO  [c.netflix.eureka.registry.AbstractInstanceRegistry] AbstractInstanceRegistry.java:1250 - Running the evict task with compensationTime 0ms
2020-03-06 14:45:13,398 [Eureka-EvictionTimer] INFO  [c.netflix.eureka.registry.AbstractInstanceRegistry] AbstractInstanceRegistry.java:1250 - Running the evict task with compensationTime 0ms
2020-03-06 14:45:17,398 [Eureka-EvictionTimer] INFO  [c.netflix.eureka.registry.AbstractInstanceRegistry] AbstractInstanceRegistry.java:1250 - Running the evict task with compensationTime 0ms
2020-03-06 14:45:21,399 [Eureka-EvictionTimer] INFO  [c.netflix.eureka.registry.AbstractInstanceRegistry] AbstractInstanceRegistry.java:1250 - Running the evict task with compensationTime 1ms
2020-03-06 14:45:25,400 [Eureka-EvictionTimer] INFO  [c.netflix.eureka.registry.AbstractInstanceRegistry] AbstractInstanceRegistry.java:1250 - Running the evict task with compensationTime 1ms
2020-03-06 14:45:29,401 [Eureka-EvictionTimer] INFO  [c.netflix.eureka.registry.AbstractInstanceRegistry] AbstractInstanceRegistry.java:1250 - Running the evict task with compensationTime 0ms
2020-03-06 14:45:33,402 [Eureka-EvictionTimer] INFO  [c.netflix.eureka.registry.AbstractInstanceRegistry] AbstractInstanceRegistry.java:1250 - Running the evict task with compensationTime 0ms
2020-03-06 14:45:37,402 [Eureka-EvictionTimer] INFO  [c.netflix.eureka.registry.AbstractInstanceRegistry] AbstractInstanceRegistry.java:1250 - Running the evict task with compensationTime 0ms
2020-03-06 14:45:41,403 [Eureka-EvictionTimer] INFO  [c.netflix.eureka.registry.AbstractInstanceRegistry] AbstractInstanceRegistry.java:1250 - Running the evict task with compensationTime 0ms
2020-03-06 14:45:45,403 [Eureka-EvictionTimer] INFO  [c.netflix.eureka.registry.AbstractInstanceRegistry] AbstractInstanceRegistry.java:1250 - Running the evict task with compensationTime 0ms
2020-03-06 14:45:48,023 [XNIO-1 task-12] INFO  [c.netflix.eureka.registry.AbstractInstanceRegistry] AbstractInstanceRegistry.java:266 - Registered instance CLINBRAIN-AUTH/host.docker.internal:clinbrain-auth:3000 with status UP (replication=false)
2020-03-06 14:45:48,537 [XNIO-1 task-13] INFO  [c.netflix.eureka.registry.AbstractInstanceRegistry] AbstractInstanceRegistry.java:266 - Registered instance CLINBRAIN-AUTH/host.docker.internal:clinbrain-auth:3000 with status UP (replication=true)
2020-03-06 14:45:49,405 [Eureka-EvictionTimer] INFO  [c.netflix.eureka.registry.AbstractInstanceRegistry] AbstractInstanceRegistry.java:1250 - Running the evict task with compensationTime 1ms
2020-03-06 14:45:53,405 [Eureka-EvictionTimer] INFO  [c.netflix.eureka.registry.AbstractInstanceRegistry] AbstractInstanceRegistry.java:1250 - Running the evict task with compensationTime 0ms
2020-03-06 14:45:57,406 [Eureka-EvictionTimer] INFO  [c.netflix.eureka.registry.AbstractInstanceRegistry] AbstractInstanceRegistry.java:1250 - Running the evict task with compensationTime 1ms
2020-03-06 14:46:00,648 [AsyncReporter{org.springframework.cloud.sleuth.zipkin2.sender.RestTemplateSender@e972ee1}] INFO  [com.netflix.config.ChainedDynamicProperty] ChainedDynamicProperty.java:115 - Flipping property: localhost.ribbon.ActiveConnectionsLimit to use NEXT property: niws.loadbalancer.availabilityFilteringRule.activeConnectionsLimit = 2147483647
2020-03-06 14:46:00,664 [AsyncReporter{org.springframework.cloud.sleuth.zipkin2.sender.RestTemplateSender@e972ee1}] INFO  [com.netflix.util.concurrent.ShutdownEnabledTimer] ShutdownEnabledTimer.java:58 - Shutdown hook installed for: NFLoadBalancer-PingTimer-localhost
2020-03-06 14:46:00,664 [AsyncReporter{org.springframework.cloud.sleuth.zipkin2.sender.RestTemplateSender@e972ee1}] INFO  [com.netflix.loadbalancer.BaseLoadBalancer] BaseLoadBalancer.java:197 - Client: localhost instantiated a LoadBalancer: DynamicServerListLoadBalancer:{NFLoadBalancer:name=localhost,current list of Servers=[],Load balancer stats=Zone stats: {},Server stats: []}ServerList:null
2020-03-06 14:46:00,673 [AsyncReporter{org.springframework.cloud.sleuth.zipkin2.sender.RestTemplateSender@e972ee1}] INFO  [c.n.loadbalancer.DynamicServerListLoadBalancer] DynamicServerListLoadBalancer.java:222 - Using serverListUpdater PollingServerListUpdater
2020-03-06 14:46:00,679 [AsyncReporter{org.springframework.cloud.sleuth.zipkin2.sender.RestTemplateSender@e972ee1}] INFO  [c.n.loadbalancer.DynamicServerListLoadBalancer] DynamicServerListLoadBalancer.java:150 - DynamicServerListLoadBalancer for client localhost initialized: DynamicServerListLoadBalancer:{NFLoadBalancer:name=localhost,current list of Servers=[],Load balancer stats=Zone stats: {},Server stats: []}ServerList:org.springframework.cloud.netflix.ribbon.eureka.DomainExtractingServerList@7acfb582
2020-03-06 14:46:01,407 [Eureka-EvictionTimer] INFO  [c.netflix.eureka.registry.AbstractInstanceRegistry] AbstractInstanceRegistry.java:1250 - Running the evict task with compensationTime 0ms
2020-03-06 14:46:05,408 [Eureka-EvictionTimer] INFO  [c.netflix.eureka.registry.AbstractInstanceRegistry] AbstractInstanceRegistry.java:1250 - Running the evict task with compensationTime 1ms
2020-03-06 14:46:09,408 [Eureka-EvictionTimer] INFO  [c.netflix.eureka.registry.AbstractInstanceRegistry] AbstractInstanceRegistry.java:1250 - Running the evict task with compensationTime 0ms
2020-03-06 14:46:13,409 [Eureka-EvictionTimer] INFO  [c.netflix.eureka.registry.AbstractInstanceRegistry] AbstractInstanceRegistry.java:1250 - Running the evict task with compensationTime 0ms
2020-03-06 14:46:17,409 [Eureka-EvictionTimer] INFO  [c.netflix.eureka.registry.AbstractInstanceRegistry] AbstractInstanceRegistry.java:1250 - Running the evict task with compensationTime 0ms
2020-03-06 14:46:21,409 [Eureka-EvictionTimer] INFO  [c.netflix.eureka.registry.AbstractInstanceRegistry] AbstractInstanceRegistry.java:1250 - Running the evict task with compensationTime 0ms
2020-03-06 14:46:25,410 [Eureka-EvictionTimer] INFO  [c.netflix.eureka.registry.AbstractInstanceRegistry] AbstractInstanceRegistry.java:1250 - Running the evict task with compensationTime 1ms
2020-03-06 14:46:29,411 [Eureka-EvictionTimer] INFO  [c.netflix.eureka.registry.AbstractInstanceRegistry] AbstractInstanceRegistry.java:1250 - Running the evict task with compensationTime 1ms
2020-03-06 14:46:33,411 [Eureka-EvictionTimer] INFO  [c.netflix.eureka.registry.AbstractInstanceRegistry] AbstractInstanceRegistry.java:1250 - Running the evict task with compensationTime 0ms
2020-03-06 14:46:37,411 [Eureka-EvictionTimer] INFO  [c.netflix.eureka.registry.AbstractInstanceRegistry] AbstractInstanceRegistry.java:1250 - Running the evict task with compensationTime 0ms
2020-03-06 14:46:41,412 [Eureka-EvictionTimer] INFO  [c.netflix.eureka.registry.AbstractInstanceRegistry] AbstractInstanceRegistry.java:1250 - Running the evict task with compensationTime 0ms
2020-03-06 14:46:45,357 [XNIO-1 task-23] INFO  [c.netflix.eureka.registry.AbstractInstanceRegistry] AbstractInstanceRegistry.java:266 - Registered instance CLINBRAIN-AUTH/host.docker.internal:clinbrain-auth:3000 with status DOWN (replication=false)
2020-03-06 14:46:45,413 [Eureka-EvictionTimer] INFO  [c.netflix.eureka.registry.AbstractInstanceRegistry] AbstractInstanceRegistry.java:1250 - Running the evict task with compensationTime 1ms
2020-03-06 14:46:45,873 [XNIO-1 task-24] INFO  [c.netflix.eureka.registry.AbstractInstanceRegistry] AbstractInstanceRegistry.java:266 - Registered instance CLINBRAIN-AUTH/host.docker.internal:clinbrain-auth:3000 with status DOWN (replication=true)
2020-03-06 14:46:49,414 [Eureka-EvictionTimer] INFO  [c.netflix.eureka.registry.AbstractInstanceRegistry] AbstractInstanceRegistry.java:1250 - Running the evict task with compensationTime 1ms
2020-03-06 14:46:50,533 [XNIO-1 task-28] INFO  [c.netflix.eureka.registry.AbstractInstanceRegistry] AbstractInstanceRegistry.java:330 - Cancelled instance CLINBRAIN-AUTH/host.docker.internal:clinbrain-auth:3000 (replication=false)
2020-03-06 14:46:51,053 [XNIO-1 task-29] WARN  [c.netflix.eureka.registry.AbstractInstanceRegistry] AbstractInstanceRegistry.java:315 - DS: Registry: cancel failed because Lease is not registered for: CLINBRAIN-AUTH/host.docker.internal:clinbrain-auth:3000
2020-03-06 14:46:51,054 [XNIO-1 task-29] INFO  [com.netflix.eureka.resources.InstanceResource] InstanceResource.java:288 - Not Found (Cancel): CLINBRAIN-AUTH - host.docker.internal:clinbrain-auth:3000
2020-03-06 14:46:51,058 [TaskBatchingWorker-target_localhost-14] WARN  [com.netflix.eureka.cluster.ReplicationTask] ReplicationTask.java:35 - The replication of task CLINBRAIN-AUTH/host.docker.internal:clinbrain-auth:3000:Cancel@localhost failed with response code 404
2020-03-06 14:46:51,058 [TaskBatchingWorker-target_localhost-14] WARN  [com.netflix.eureka.cluster.PeerEurekaNode] PeerEurekaNode.java:171 - CLINBRAIN-AUTH/host.docker.internal:clinbrain-auth:3000:Cancel@localhost: missing entry.
2020-03-06 14:46:53,414 [Eureka-EvictionTimer] INFO  [c.netflix.eureka.registry.AbstractInstanceRegistry] AbstractInstanceRegistry.java:1250 - Running the evict task with compensationTime 1ms
2020-03-06 14:46:57,415 [Eureka-EvictionTimer] INFO  [c.netflix.eureka.registry.AbstractInstanceRegistry] AbstractInstanceRegistry.java:1250 - Running the evict task with compensationTime 0ms
2020-03-06 14:47:01,416 [Eureka-EvictionTimer] INFO  [c.netflix.eureka.registry.AbstractInstanceRegistry] AbstractInstanceRegistry.java:1250 - Running the evict task with compensationTime 0ms
2020-03-06 14:47:05,417 [Eureka-EvictionTimer] INFO  [c.netflix.eureka.registry.AbstractInstanceRegistry] AbstractInstanceRegistry.java:1250 - Running the evict task with compensationTime 0ms
2020-03-06 14:47:09,418 [Eureka-EvictionTimer] INFO  [c.netflix.eureka.registry.AbstractInstanceRegistry] AbstractInstanceRegistry.java:1250 - Running the evict task with compensationTime 0ms
2020-03-06 14:47:13,418 [Eureka-EvictionTimer] INFO  [c.netflix.eureka.registry.AbstractInstanceRegistry] AbstractInstanceRegistry.java:1250 - Running the evict task with compensationTime 0ms
2020-03-06 14:47:15,623 [XNIO-1 task-35] INFO  [c.netflix.eureka.registry.AbstractInstanceRegistry] AbstractInstanceRegistry.java:266 - Registered instance CLINBRAIN-AUTH/host.docker.internal:clinbrain-auth:3000 with status UP (replication=false)
2020-03-06 14:47:16,134 [XNIO-1 task-36] INFO  [c.netflix.eureka.registry.AbstractInstanceRegistry] AbstractInstanceRegistry.java:266 - Registered instance CLINBRAIN-AUTH/host.docker.internal:clinbrain-auth:3000 with status UP (replication=true)
2020-03-06 14:47:17,419 [Eureka-EvictionTimer] INFO  [c.netflix.eureka.registry.AbstractInstanceRegistry] AbstractInstanceRegistry.java:1250 - Running the evict task with compensationTime 0ms
2020-03-06 14:47:21,420 [Eureka-EvictionTimer] INFO  [c.netflix.eureka.registry.AbstractInstanceRegistry] AbstractInstanceRegistry.java:1250 - Running the evict task with compensationTime 0ms
2020-03-06 14:47:25,420 [Eureka-EvictionTimer] INFO  [c.netflix.eureka.registry.AbstractInstanceRegistry] AbstractInstanceRegistry.java:1250 - Running the evict task with compensationTime 0ms
2020-03-06 14:47:29,420 [Eureka-EvictionTimer] INFO  [c.netflix.eureka.registry.AbstractInstanceRegistry] AbstractInstanceRegistry.java:1250 - Running the evict task with compensationTime 0ms
2020-03-06 14:47:33,421 [Eureka-EvictionTimer] INFO  [c.netflix.eureka.registry.AbstractInstanceRegistry] AbstractInstanceRegistry.java:1250 - Running the evict task with compensationTime 0ms
2020-03-06 14:47:37,422 [Eureka-EvictionTimer] INFO  [c.netflix.eureka.registry.AbstractInstanceRegistry] AbstractInstanceRegistry.java:1250 - Running the evict task with compensationTime 0ms
2020-03-06 14:47:41,422 [Eureka-EvictionTimer] INFO  [c.netflix.eureka.registry.AbstractInstanceRegistry] AbstractInstanceRegistry.java:1250 - Running the evict task with compensationTime 0ms
2020-03-06 14:47:45,422 [Eureka-EvictionTimer] INFO  [c.netflix.eureka.registry.AbstractInstanceRegistry] AbstractInstanceRegistry.java:1250 - Running the evict task with compensationTime 0ms
2020-03-06 14:47:49,424 [Eureka-EvictionTimer] INFO  [c.netflix.eureka.registry.AbstractInstanceRegistry] AbstractInstanceRegistry.java:1250 - Running the evict task with compensationTime 1ms
2020-03-06 14:47:53,424 [Eureka-EvictionTimer] INFO  [c.netflix.eureka.registry.AbstractInstanceRegistry] AbstractInstanceRegistry.java:1250 - Running the evict task with compensationTime 0ms
2020-03-06 14:47:57,425 [Eureka-EvictionTimer] INFO  [c.netflix.eureka.registry.AbstractInstanceRegistry] AbstractInstanceRegistry.java:1250 - Running the evict task with compensationTime 0ms
2020-03-06 14:48:01,425 [Eureka-EvictionTimer] INFO  [c.netflix.eureka.registry.AbstractInstanceRegistry] AbstractInstanceRegistry.java:1250 - Running the evict task with compensationTime 0ms
2020-03-06 14:48:05,426 [Eureka-EvictionTimer] INFO  [c.netflix.eureka.registry.AbstractInstanceRegistry] AbstractInstanceRegistry.java:1250 - Running the evict task with compensationTime 0ms
2020-03-06 14:48:09,427 [Eureka-EvictionTimer] INFO  [c.netflix.eureka.registry.AbstractInstanceRegistry] AbstractInstanceRegistry.java:1250 - Running the evict task with compensationTime 1ms
2020-03-06 14:48:13,428 [Eureka-EvictionTimer] INFO  [c.netflix.eureka.registry.AbstractInstanceRegistry] AbstractInstanceRegistry.java:1250 - Running the evict task with compensationTime 0ms
2020-03-06 14:48:17,429 [Eureka-EvictionTimer] INFO  [c.netflix.eureka.registry.AbstractInstanceRegistry] AbstractInstanceRegistry.java:1250 - Running the evict task with compensationTime 1ms
2020-03-06 14:48:21,430 [Eureka-EvictionTimer] INFO  [c.netflix.eureka.registry.AbstractInstanceRegistry] AbstractInstanceRegistry.java:1250 - Running the evict task with compensationTime 0ms
2020-03-06 14:48:25,429 [Eureka-EvictionTimer] INFO  [c.netflix.eureka.registry.AbstractInstanceRegistry] AbstractInstanceRegistry.java:1250 - Running the evict task with compensationTime 0ms
2020-03-06 14:48:29,430 [Eureka-EvictionTimer] INFO  [c.netflix.eureka.registry.AbstractInstanceRegistry] AbstractInstanceRegistry.java:1250 - Running the evict task with compensationTime 1ms
2020-03-06 14:48:33,431 [Eureka-EvictionTimer] INFO  [c.netflix.eureka.registry.AbstractInstanceRegistry] AbstractInstanceRegistry.java:1250 - Running the evict task with compensationTime 0ms
2020-03-06 14:48:37,431 [Eureka-EvictionTimer] INFO  [c.netflix.eureka.registry.AbstractInstanceRegistry] AbstractInstanceRegistry.java:1250 - Running the evict task with compensationTime 0ms
2020-03-06 14:48:41,432 [Eureka-EvictionTimer] INFO  [c.netflix.eureka.registry.AbstractInstanceRegistry] AbstractInstanceRegistry.java:1250 - Running the evict task with compensationTime 0ms
2020-03-06 14:48:45,433 [Eureka-EvictionTimer] INFO  [c.netflix.eureka.registry.AbstractInstanceRegistry] AbstractInstanceRegistry.java:1250 - Running the evict task with compensationTime 0ms
2020-03-06 14:48:49,433 [Eureka-EvictionTimer] INFO  [c.netflix.eureka.registry.AbstractInstanceRegistry] AbstractInstanceRegistry.java:1250 - Running the evict task with compensationTime 0ms
2020-03-06 14:48:53,434 [Eureka-EvictionTimer] INFO  [c.netflix.eureka.registry.AbstractInstanceRegistry] AbstractInstanceRegistry.java:1250 - Running the evict task with compensationTime 1ms
2020-03-06 14:48:53,940 [XNIO-1 task-57] INFO  [c.netflix.eureka.registry.AbstractInstanceRegistry] AbstractInstanceRegistry.java:266 - Registered instance CLINBRAIN-METADATAMANAGE-STG/host.docker.internal:clinbrain-MetadataManage-stg:8751 with status UP (replication=false)
2020-03-06 14:48:54,457 [XNIO-1 task-58] INFO  [c.netflix.eureka.registry.AbstractInstanceRegistry] AbstractInstanceRegistry.java:266 - Registered instance CLINBRAIN-METADATAMANAGE-STG/host.docker.internal:clinbrain-MetadataManage-stg:8751 with status UP (replication=true)
2020-03-06 14:48:57,434 [Eureka-EvictionTimer] INFO  [c.netflix.eureka.registry.AbstractInstanceRegistry] AbstractInstanceRegistry.java:1250 - Running the evict task with compensationTime 0ms
2020-03-06 14:49:01,435 [Eureka-EvictionTimer] INFO  [c.netflix.eureka.registry.AbstractInstanceRegistry] AbstractInstanceRegistry.java:1250 - Running the evict task with compensationTime 0ms
2020-03-06 14:49:05,435 [Eureka-EvictionTimer] INFO  [c.netflix.eureka.registry.AbstractInstanceRegistry] AbstractInstanceRegistry.java:1250 - Running the evict task with compensationTime 0ms
2020-03-06 14:49:09,436 [Eureka-EvictionTimer] INFO  [c.netflix.eureka.registry.AbstractInstanceRegistry] AbstractInstanceRegistry.java:1250 - Running the evict task with compensationTime 0ms
2020-03-06 14:49:13,437 [Eureka-EvictionTimer] INFO  [c.netflix.eureka.registry.AbstractInstanceRegistry] AbstractInstanceRegistry.java:1250 - Running the evict task with compensationTime 0ms
2020-03-06 14:49:17,438 [Eureka-EvictionTimer] INFO  [c.netflix.eureka.registry.AbstractInstanceRegistry] AbstractInstanceRegistry.java:1250 - Running the evict task with compensationTime 1ms
2020-03-06 14:49:21,438 [Eureka-EvictionTimer] INFO  [c.netflix.eureka.registry.AbstractInstanceRegistry] AbstractInstanceRegistry.java:1250 - Running the evict task with compensationTime 0ms
2020-03-06 14:49:25,439 [Eureka-EvictionTimer] INFO  [c.netflix.eureka.registry.AbstractInstanceRegistry] AbstractInstanceRegistry.java:1250 - Running the evict task with compensationTime 0ms
2020-03-06 14:49:29,439 [Eureka-EvictionTimer] INFO  [c.netflix.eureka.registry.AbstractInstanceRegistry] AbstractInstanceRegistry.java:1250 - Running the evict task with compensationTime 0ms
2020-03-06 14:49:33,440 [Eureka-EvictionTimer] INFO  [c.netflix.eureka.registry.AbstractInstanceRegistry] AbstractInstanceRegistry.java:1250 - Running the evict task with compensationTime 1ms
2020-03-06 14:49:37,440 [Eureka-EvictionTimer] INFO  [c.netflix.eureka.registry.AbstractInstanceRegistry] AbstractInstanceRegistry.java:1250 - Running the evict task with compensationTime 0ms
2020-03-06 14:49:41,441 [Eureka-EvictionTimer] INFO  [c.netflix.eureka.registry.AbstractInstanceRegistry] AbstractInstanceRegistry.java:1250 - Running the evict task with compensationTime 0ms
2020-03-06 14:49:45,442 [Eureka-EvictionTimer] INFO  [c.netflix.eureka.registry.AbstractInstanceRegistry] AbstractInstanceRegistry.java:1250 - Running the evict task with compensationTime 0ms
2020-03-06 14:49:49,443 [Eureka-EvictionTimer] INFO  [c.netflix.eureka.registry.AbstractInstanceRegistry] AbstractInstanceRegistry.java:1250 - Running the evict task with compensationTime 0ms
2020-03-06 14:49:53,444 [Eureka-EvictionTimer] INFO  [c.netflix.eureka.registry.AbstractInstanceRegistry] AbstractInstanceRegistry.java:1250 - Running the evict task with compensationTime 1ms
2020-03-06 14:49:57,444 [Eureka-EvictionTimer] INFO  [c.netflix.eureka.registry.AbstractInstanceRegistry] AbstractInstanceRegistry.java:1250 - Running the evict task with compensationTime 0ms
2020-03-06 14:49:59,991 [XNIO-1 task-17] INFO  [c.netflix.eureka.registry.AbstractInstanceRegistry] AbstractInstanceRegistry.java:266 - Registered instance CLINBRAIN-GATEWAY-STG/host.docker.internal:clinbrain-gateway-stg:9999 with status UP (replication=false)
2020-03-06 14:50:00,413 [XNIO-1 task-18] INFO  [c.netflix.eureka.registry.AbstractInstanceRegistry] AbstractInstanceRegistry.java:266 - Registered instance CLINBRAIN-GATEWAY-STG/host.docker.internal:clinbrain-gateway-stg:9999 with status UP (replication=true)
2020-03-06 14:50:01,445 [Eureka-EvictionTimer] INFO  [c.netflix.eureka.registry.AbstractInstanceRegistry] AbstractInstanceRegistry.java:1250 - Running the evict task with compensationTime 0ms
2020-03-06 14:50:05,445 [Eureka-EvictionTimer] INFO  [c.netflix.eureka.registry.AbstractInstanceRegistry] AbstractInstanceRegistry.java:1250 - Running the evict task with compensationTime 0ms
2020-03-06 14:50:09,445 [Eureka-EvictionTimer] INFO  [c.netflix.eureka.registry.AbstractInstanceRegistry] AbstractInstanceRegistry.java:1250 - Running the evict task with compensationTime 0ms
2020-03-06 14:50:13,446 [Eureka-EvictionTimer] INFO  [c.netflix.eureka.registry.AbstractInstanceRegistry] AbstractInstanceRegistry.java:1250 - Running the evict task with compensationTime 1ms
2020-03-06 14:50:17,447 [Eureka-EvictionTimer] INFO  [c.netflix.eureka.registry.AbstractInstanceRegistry] AbstractInstanceRegistry.java:1250 - Running the evict task with compensationTime 0ms
2020-03-06 14:50:21,447 [Eureka-EvictionTimer] INFO  [c.netflix.eureka.registry.AbstractInstanceRegistry] AbstractInstanceRegistry.java:1250 - Running the evict task with compensationTime 0ms
2020-03-06 14:50:25,447 [Eureka-EvictionTimer] INFO  [c.netflix.eureka.registry.AbstractInstanceRegistry] AbstractInstanceRegistry.java:1250 - Running the evict task with compensationTime 0ms
2020-03-06 14:50:29,448 [Eureka-EvictionTimer] INFO  [c.netflix.eureka.registry.AbstractInstanceRegistry] AbstractInstanceRegistry.java:1250 - Running the evict task with compensationTime 0ms
2020-03-06 14:50:33,449 [Eureka-EvictionTimer] INFO  [c.netflix.eureka.registry.AbstractInstanceRegistry] AbstractInstanceRegistry.java:1250 - Running the evict task with compensationTime 1ms
2020-03-06 14:50:37,450 [Eureka-EvictionTimer] INFO  [c.netflix.eureka.registry.AbstractInstanceRegistry] AbstractInstanceRegistry.java:1250 - Running the evict task with compensationTime 1ms
2020-03-06 14:50:41,450 [Eureka-EvictionTimer] INFO  [c.netflix.eureka.registry.AbstractInstanceRegistry] AbstractInstanceRegistry.java:1250 - Running the evict task with compensationTime 0ms
2020-03-06 14:50:43,627 [XNIO-1 task-30] INFO  [c.netflix.eureka.registry.AbstractInstanceRegistry] AbstractInstanceRegistry.java:266 - Registered instance CLINBRAIN-METADATAMANAGE-STG/host.docker.internal:clinbrain-MetadataManage-stg:8751 with status DOWN (replication=false)
2020-03-06 14:50:43,704 [Thread-53] INFO  [com.netflix.loadbalancer.PollingServerListUpdater] PollingServerListUpdater.java:53 - Shutting down the Executor Pool for PollingServerListUpdater
2020-03-06 14:50:43,705 [Thread-41] INFO  [o.s.c.n.e.serviceregistry.EurekaServiceRegistry] EurekaServiceRegistry.java:65 - Unregistering application CLINBRAIN-EUREKA with eureka with status DOWN
2020-03-06 14:50:43,712 [Thread-41] INFO  [com.netflix.eureka.DefaultEurekaServerContext] DefaultEurekaServerContext.java:76 - Shutting down ...
2020-03-06 14:50:43,716 [Thread-41] INFO  [com.netflix.eureka.DefaultEurekaServerContext] DefaultEurekaServerContext.java:79 - Shut down
2020-03-06 14:50:43,728 [Thread-41] INFO  [o.s.scheduling.concurrent.ThreadPoolTaskExecutor] ExecutorConfigurationSupport.java:208 - Shutting down ExecutorService 'applicationTaskExecutor'
2020-03-06 14:50:43,756 [XNIO-1 task-31] INFO  [c.netflix.eureka.registry.AbstractInstanceRegistry] AbstractInstanceRegistry.java:266 - Registered instance CLINBRAIN-CONFIG/host.docker.internal:clinbrain-config:8888 with status DOWN (replication=false)
2020-03-06 14:50:44,735 [Thread-41] INFO  [com.netflix.util.concurrent.ShutdownEnabledTimer] ShutdownEnabledTimer.java:67 - Shutdown hook removed for: NFLoadBalancer-PingTimer-localhost
2020-03-06 14:50:44,739 [Thread-41] INFO  [com.netflix.util.concurrent.ShutdownEnabledTimer] ShutdownEnabledTimer.java:72 - Exception caught (might be ok if at shutdown)
java.lang.IllegalStateException: Shutdown in progress
	at java.lang.ApplicationShutdownHooks.remove(ApplicationShutdownHooks.java:82)
	at java.lang.Runtime.removeShutdownHook(Runtime.java:239)
	at com.netflix.util.concurrent.ShutdownEnabledTimer.cancel(ShutdownEnabledTimer.java:70)
	at com.netflix.loadbalancer.BaseLoadBalancer.cancelPingTask(BaseLoadBalancer.java:632)
	at com.netflix.loadbalancer.BaseLoadBalancer.shutdown(BaseLoadBalancer.java:883)
	at com.netflix.loadbalancer.DynamicServerListLoadBalancer.shutdown(DynamicServerListLoadBalancer.java:285)
	at sun.reflect.NativeMethodAccessorImpl.invoke0(Native Method)
	at sun.reflect.NativeMethodAccessorImpl.invoke(NativeMethodAccessorImpl.java:62)
	at sun.reflect.DelegatingMethodAccessorImpl.invoke(DelegatingMethodAccessorImpl.java:43)
	at java.lang.reflect.Method.invoke(Method.java:498)
	at org.springframework.beans.factory.support.DisposableBeanAdapter.invokeCustomDestroyMethod(DisposableBeanAdapter.java:337)
	at org.springframework.beans.factory.support.DisposableBeanAdapter.destroy(DisposableBeanAdapter.java:271)
	at org.springframework.beans.factory.support.DefaultSingletonBeanRegistry.destroyBean(DefaultSingletonBeanRegistry.java:571)
	at org.springframework.beans.factory.support.DefaultSingletonBeanRegistry.destroySingleton(DefaultSingletonBeanRegistry.java:543)
	at org.springframework.beans.factory.support.DefaultListableBeanFactory.destroySingleton(DefaultListableBeanFactory.java:1034)
	at org.springframework.beans.factory.support.DefaultSingletonBeanRegistry.destroySingletons(DefaultSingletonBeanRegistry.java:504)
	at org.springframework.beans.factory.support.DefaultListableBeanFactory.destroySingletons(DefaultListableBeanFactory.java:1027)
	at org.springframework.context.support.AbstractApplicationContext.destroyBeans(AbstractApplicationContext.java:1057)
	at org.springframework.context.support.AbstractApplicationContext.doClose(AbstractApplicationContext.java:1026)
	at org.springframework.context.support.AbstractApplicationContext.close(AbstractApplicationContext.java:975)
	at org.springframework.cloud.context.named.NamedContextFactory.destroy(NamedContextFactory.java:79)
	at org.springframework.beans.factory.support.DisposableBeanAdapter.destroy(DisposableBeanAdapter.java:256)
	at org.springframework.beans.factory.support.DefaultSingletonBeanRegistry.destroyBean(DefaultSingletonBeanRegistry.java:571)
	at org.springframework.beans.factory.support.DefaultSingletonBeanRegistry.destroySingleton(DefaultSingletonBeanRegistry.java:543)
	at org.springframework.beans.factory.support.DefaultListableBeanFactory.destroySingleton(DefaultListableBeanFactory.java:1034)
	at org.springframework.beans.factory.support.DefaultSingletonBeanRegistry.destroySingletons(DefaultSingletonBeanRegistry.java:504)
	at org.springframework.beans.factory.support.DefaultListableBeanFactory.destroySingletons(DefaultListableBeanFactory.java:1027)
	at org.springframework.context.support.AbstractApplicationContext.destroyBeans(AbstractApplicationContext.java:1057)
	at org.springframework.context.support.AbstractApplicationContext.doClose(AbstractApplicationContext.java:1026)
	at org.springframework.context.support.AbstractApplicationContext$1.run(AbstractApplicationContext.java:945)
2020-03-06 14:50:44,749 [Thread-41] INFO  [com.netflix.discovery.DiscoveryClient] DiscoveryClient.java:888 - Shutting down DiscoveryClient ...
2020-03-06 14:50:44,749 [Thread-41] INFO  [com.netflix.discovery.DiscoveryClient] DiscoveryClient.java:911 - Completed shut down of DiscoveryClient
2020-03-06 14:50:44,754 [Thread-41] INFO  [io.undertow.servlet] ServletContextImpl.java:364 - Destroying Spring FrameworkServlet 'dispatcherServlet'
